# JRE version: OpenJDK Runtime Environment (17.0.9) (build 17.0.9+0--11185874)
# Java VM: OpenJDK 64-Bit Server VM (17.0.9+0--11185874, mixed mode, tiered, compressed oops, compressed class ptrs, g1 gc, windows-amd64)
GC Precious Log:
 CPUs: 12 total, 12 available
 Memory: 7893M
 Large Page Support: Disabled
 NUMA Support: Disabled
 Compressed Oops: Enabled (32-bit)
 Heap Region Size: 1M
 Heap Min Capacity: 8M
 Heap Initial Capacity: 124M
 Heap Max Capacity: 2G
 Pre-touch: Disabled
 Parallel Workers: 10
 Concurrent Workers: 3
 Concurrent Refinement Workers: 10
 Periodic GC: Disabled
Heap:
 garbage-first heap   total 423936K, used 141100K [0x0000000080000000, 0x0000000100000000)
  region size 1024K, 9 young (9216K), 9 survivors (9216K)
 Metaspace       used 145179K, committed 146176K, reserved 1179648K
  class space    used 20600K, committed 21120K, reserved 1048576K
GC Heap History (20 events):
Event: 22.499 GC heap after
{Heap after GC invocations=59 (full 0):
 garbage-first heap   total 373760K, used 222039K [0x0000000080000000, 0x0000000100000000)
  region size 1024K, 2 young (2048K), 2 survivors (2048K)
 Metaspace       used 141704K, committed 142720K, reserved 1179648K
  class space    used 20479K, committed 20992K, reserved 1048576K
}
Event: 22.501 GC heap before
{Heap before GC invocations=59 (full 0):
 garbage-first heap   total 373760K, used 224087K [0x0000000080000000, 0x0000000100000000)
  region size 1024K, 3 young (3072K), 2 survivors (2048K)
 Metaspace       used 141704K, committed 142720K, reserved 1179648K
  class space    used 20479K, committed 20992K, reserved 1048576K
}
Event: 22.503 GC heap after
{Heap after GC invocations=60 (full 0):
 garbage-first heap   total 373760K, used 224101K [0x0000000080000000, 0x0000000100000000)
  region size 1024K, 2 young (2048K), 2 survivors (2048K)
 Metaspace       used 141704K, committed 142720K, reserved 1179648K
  class space    used 20479K, committed 20992K, reserved 1048576K
}
Event: 2096.465 GC heap before
{Heap before GC invocations=61 (full 0):
 garbage-first heap   total 423936K, used 341861K [0x0000000080000000, 0x0000000100000000)
  region size 1024K, 94 young (96256K), 2 survivors (2048K)
 Metaspace       used 142861K, committed 143872K, reserved 1179648K
  class space    used 20611K, committed 21120K, reserved 1048576K
}
Event: 2096.600 GC heap after
{Heap after GC invocations=62 (full 0):
 garbage-first heap   total 423936K, used 174022K [0x0000000080000000, 0x0000000100000000)
  region size 1024K, 4 young (4096K), 4 survivors (4096K)
 Metaspace       used 142861K, committed 143872K, reserved 1179648K
  class space    used 20611K, committed 21120K, reserved 1048576K
}
Event: 2097.080 GC heap before
{Heap before GC invocations=62 (full 0):
 garbage-first heap   total 423936K, used 189382K [0x0000000080000000, 0x0000000100000000)
  region size 1024K, 20 young (20480K), 4 survivors (4096K)
 Metaspace       used 142979K, committed 143936K, reserved 1179648K
  class space    used 20616K, committed 21120K, reserved 1048576K
}
Event: 2097.148 GC heap after
{Heap after GC invocations=63 (full 0):
 garbage-first heap   total 423936K, used 144592K [0x0000000080000000, 0x0000000100000000)
  region size 1024K, 2 young (2048K), 2 survivors (2048K)
 Metaspace       used 142979K, committed 143936K, reserved 1179648K
  class space    used 20616K, committed 21120K, reserved 1048576K
}
Event: 2098.385 GC heap before
{Heap before GC invocations=63 (full 0):
 garbage-first heap   total 423936K, used 183504K [0x0000000080000000, 0x0000000100000000)
  region size 1024K, 42 young (43008K), 2 survivors (2048K)
 Metaspace       used 143382K, committed 144384K, reserved 1179648K
  class space    used 20629K, committed 21120K, reserved 1048576K
}
Event: 2098.417 GC heap after
{Heap after GC invocations=64 (full 0):
 garbage-first heap   total 423936K, used 149603K [0x0000000080000000, 0x0000000100000000)
  region size 1024K, 7 young (7168K), 7 survivors (7168K)
 Metaspace       used 143382K, committed 144384K, reserved 1179648K
  class space    used 20629K, committed 21120K, reserved 1048576K
}
Event: 2102.374 GC heap before
{Heap before GC invocations=65 (full 0):
 garbage-first heap   total 423936K, used 360547K [0x0000000080000000, 0x0000000100000000)
  region size 1024K, 186 young (190464K), 7 survivors (7168K)
 Metaspace       used 142926K, committed 144448K, reserved 1179648K
  class space    used 20481K, committed 21120K, reserved 1048576K
}
Event: 2102.465 GC heap after
{Heap after GC invocations=66 (full 0):
 garbage-first heap   total 423936K, used 157231K [0x0000000080000000, 0x0000000100000000)
  region size 1024K, 14 young (14336K), 14 survivors (14336K)
 Metaspace       used 142926K, committed 144448K, reserved 1179648K
  class space    used 20481K, committed 21120K, reserved 1048576K
}
Event: 2102.471 GC heap before
{Heap before GC invocations=66 (full 0):
 garbage-first heap   total 423936K, used 162351K [0x0000000080000000, 0x0000000100000000)
  region size 1024K, 20 young (20480K), 14 survivors (14336K)
 Metaspace       used 142926K, committed 144448K, reserved 1179648K
  class space    used 20481K, committed 21120K, reserved 1048576K
}
Event: 2102.597 GC heap after
{Heap after GC invocations=67 (full 0):
 garbage-first heap   total 423936K, used 133643K [0x0000000080000000, 0x0000000100000000)
  region size 1024K, 2 young (2048K), 2 survivors (2048K)
 Metaspace       used 142926K, committed 144448K, reserved 1179648K
  class space    used 20481K, committed 21120K, reserved 1048576K
}
Event: 2105.020 GC heap before
{Heap before GC invocations=67 (full 0):
 garbage-first heap   total 423936K, used 168459K [0x0000000080000000, 0x0000000100000000)
  region size 1024K, 38 young (38912K), 2 survivors (2048K)
 Metaspace       used 143489K, committed 144512K, reserved 1179648K
  class space    used 20518K, committed 21120K, reserved 1048576K
}
Event: 2105.043 GC heap after
{Heap after GC invocations=68 (full 0):
 garbage-first heap   total 423936K, used 135421K [0x0000000080000000, 0x0000000100000000)
  region size 1024K, 4 young (4096K), 4 survivors (4096K)
 Metaspace       used 143489K, committed 144512K, reserved 1179648K
  class space    used 20518K, committed 21120K, reserved 1048576K
}
Event: 2450.261 GC heap before
{Heap before GC invocations=69 (full 0):
 garbage-first heap   total 423936K, used 402685K [0x0000000080000000, 0x0000000100000000)
  region size 1024K, 185 young (189440K), 4 survivors (4096K)
 Metaspace       used 144609K, committed 145600K, reserved 1179648K
  class space    used 20545K, committed 21120K, reserved 1048576K
}
Event: 2450.362 GC heap after
{Heap after GC invocations=70 (full 0):
 garbage-first heap   total 423936K, used 136032K [0x0000000080000000, 0x0000000100000000)
  region size 1024K, 5 young (5120K), 5 survivors (5120K)
 Metaspace       used 144609K, committed 145600K, reserved 1179648K
  class space    used 20545K, committed 21120K, reserved 1048576K
}
Event: 2450.679 GC heap before
{Heap before GC invocations=70 (full 0):
 garbage-first heap   total 423936K, used 150368K [0x0000000080000000, 0x0000000100000000)
  region size 1024K, 20 young (20480K), 5 survivors (5120K)
 Metaspace       used 144889K, committed 145856K, reserved 1179648K
  class space    used 20595K, committed 21120K, reserved 1048576K
}
Event: 2450.754 GC heap after
{Heap after GC invocations=71 (full 0):
 garbage-first heap   total 423936K, used 133873K [0x0000000080000000, 0x0000000100000000)
  region size 1024K, 2 young (2048K), 2 survivors (2048K)
 Metaspace       used 144889K, committed 145856K, reserved 1179648K
  class space    used 20595K, committed 21120K, reserved 1048576K
}
Event: 2451.408 GC heap before
{Heap before GC invocations=71 (full 0):
 garbage-first heap   total 423936K, used 194289K [0x0000000080000000, 0x0000000100000000)
  region size 1024K, 63 young (64512K), 2 survivors (2048K)
 Metaspace       used 145179K, committed 146176K, reserved 1179648K
  class space    used 20600K, committed 21120K, reserved 1048576K
}

